<?xml version="1.0" encoding="UTF-8"?>
<testng-results ignored="0" total="1" passed="1" failed="0" skipped="0">
  <reporter-output>
  </reporter-output>
  <suite started-at="2024-06-24T01:15:26 IST" name="Default suite" finished-at="2024-06-24T01:15:40 IST" duration-ms="13974">
    <groups>
    </groups>
    <test started-at="2024-06-24T01:15:26 IST" name="Default test" finished-at="2024-06-24T01:15:40 IST" duration-ms="13974">
      <class name="testng.Explicitwait">
        <test-method is-config="true" signature="set()[pri:0, instance:testng.Explicitwait@55183b20]" started-at="2024-06-24T01:15:26 IST" name="set" finished-at="2024-06-24T01:15:29 IST" duration-ms="2816" status="PASS">
          <reporter-output>
          </reporter-output>
        </test-method> <!-- set -->
        <test-method is-config="true" signature="url()[pri:0, instance:testng.Explicitwait@55183b20]" started-at="2024-06-24T01:15:29 IST" name="url" finished-at="2024-06-24T01:15:35 IST" duration-ms="6059" status="PASS">
          <reporter-output>
          </reporter-output>
        </test-method> <!-- url -->
        <test-method signature="test()[pri:0, instance:testng.Explicitwait@55183b20]" started-at="2024-06-24T01:15:35 IST" name="test" finished-at="2024-06-24T01:15:40 IST" duration-ms="5032" status="PASS">
          <reporter-output>
          </reporter-output>
        </test-method> <!-- test -->
      </class> <!-- testng.Explicitwait -->
    </test> <!-- Default test -->
  </suite> <!-- Default suite -->
</testng-results>
